[2023-06-09 16:26:33,208] INFO Config file: ../../gatewayseq_config.template.json
[2023-06-09 16:26:33,222] INFO ---Starts byGenomicChange calls---
[2023-06-09 16:26:33,457] INFO KIT A698E 54729437 C A 4 54729437 54729437 C A 200
[2023-06-09 16:26:33,648] INFO MET T474I 116739978 C T 7 116739978 116739978 C T 200
[2023-06-09 16:26:33,829] INFO PTPRD Y751F 8499717 T A 9 8499717 8499717 T A 200
[2023-06-09 16:26:34,050] INFO BRCA2 I963_D970del 32337239 CATATAAAAATGACTCTAGGTCAAG C 13 32337240 32337263 ATATAAAAATGACTCTAGGTCAAG - 200
[2023-06-09 16:26:34,331] INFO TP53 R248Q 7674220 C T 17 7674220 7674220 C T 200
[2023-06-09 16:26:34,553] INFO BRCA1 N1355Kfs*10 43091462 CTTGA C 17 43091463 43091466 TTGA - 200
[2023-06-09 16:26:34,812] INFO NF2 A142P 29642262 G C 22 29642262 29642262 G C 200
[2023-06-09 16:26:34,814] INFO ---Starts byProteinChange calls---
[2023-06-09 16:26:35,036] INFO KIT A698E 200
[2023-06-09 16:26:35,257] INFO MET T474I 200
[2023-06-09 16:26:35,491] INFO PTPRD Y751F 200
[2023-06-09 16:26:35,751] INFO BRCA2 I963_D970del 200
[2023-06-09 16:26:35,951] INFO TP53 R248Q 200
[2023-06-09 16:26:36,155] INFO BRCA1 N1355Kfs*10 200
[2023-06-09 16:26:36,412] INFO NF2 A142P 200
[2023-06-09 16:26:36,415] INFO ---Starts byHGVSg calls---
[2023-06-09 16:26:36,593] INFO KIT A698E 4:g.54729437C>A 200
[2023-06-09 16:26:36,763] INFO MET T474I 7:g.116739978C>T 200
[2023-06-09 16:26:36,934] INFO PTPRD Y751F 9:g.8499717T>A 200
[2023-06-09 16:26:37,130] INFO BRCA2 I963_D970del 13:g.32337240_32337263del 200
[2023-06-09 16:26:37,312] INFO TP53 R248Q 17:g.7674220C>T 200
[2023-06-09 16:26:37,498] INFO BRCA1 N1355Kfs*10 17:g.43091463_43091466del 200
[2023-06-09 16:26:37,681] INFO NF2 A142P 22:g.29642262G>C 200
[2023-06-09 16:26:37,684] INFO Genomic Average Elapsed Time: 0.227 secs
[2023-06-09 16:26:37,684] INFO Protein Average Elapsed Time: 0.228 secs
[2023-06-09 16:26:37,684] INFO HGVSg Average Elapsed Time: 0.181 secs
[2023-06-09 16:26:37,684] INFO Genomic Proportion of Successful Hits: 0.286 (2/7)
[2023-06-09 16:26:37,684] INFO Protein Proportion of Successful Hits: 0.286 (2/7)
[2023-06-09 16:26:37,684] INFO Genomic Proportion of Successful Hits: 0.286 (2/7)
