[2023-06-08 15:35:53,482] INFO Config file: ../../gatewayseq_config.template.json
[2023-06-08 15:35:53,711] INFO KIT A698E 54729437 C A 4 54729437 54729437 C A 200
[2023-06-08 15:35:53,887] INFO MET T474I 116739978 C T 7 116739978 116739978 C T 200
[2023-06-08 15:35:54,431] INFO PTPRD Y751F 8499717 T A 9 8499717 8499717 T A 200
[2023-06-08 15:35:54,603] INFO BRCA2 I963_D970del 32337239 CATATAAAAATGACTCTAGGTCAAG C 13 32337240 32337263 ATATAAAAATGACTCTAGGTCAAG - 200
[2023-06-08 15:35:54,764] INFO TP53 R248Q 7674220 C T 17 7674220 7674220 C T 200
[2023-06-08 15:35:54,938] INFO BRCA1 N1355Kfs*10 43091462 CTTGA C 17 43091463 43091466 TTGA - 200
[2023-06-08 15:35:55,120] INFO NF2 A142P 29642262 G C 22 29642262 29642262 G C 200
[2023-06-08 15:35:55,283] INFO KIT A698E 200
[2023-06-08 15:35:55,448] INFO MET T474I 200
[2023-06-08 15:35:55,615] INFO PTPRD Y751F 200
[2023-06-08 15:35:55,788] INFO BRCA2 I963_D970del 200
[2023-06-08 15:35:56,017] INFO TP53 R248Q 200
[2023-06-08 15:35:56,193] INFO BRCA1 N1355Kfs*10 200
[2023-06-08 15:35:56,380] INFO NF2 A142P 200
[2023-06-08 15:35:56,541] INFO KIT A698E 4:g.54729437C>A 200
[2023-06-08 15:35:56,710] INFO MET T474I 7:g.116739978C>T 200
[2023-06-08 15:35:56,893] INFO PTPRD Y751F 9:g.8499717T>A 200
[2023-06-08 15:35:57,071] INFO BRCA2 I963_D970del 13:g.32337240_32337263del 200
[2023-06-08 15:35:57,244] INFO TP53 R248Q 17:g.7674220C>T 200
[2023-06-08 15:35:57,407] INFO BRCA1 N1355Kfs*10 17:g.43091463_43091466del 200
[2023-06-08 15:35:57,583] INFO NF2 A142P 22:g.29642262G>C 200
